[2017.04.12-11.12.41:760][148]UATHelper: Packaging (iOS): Project.Package: ********** PACKAGE COMMAND COMPLETED **********
[2017.04.12-11.12.41:774][149]UATHelper: Packaging (iOS): Project.Archive: ********** ARCHIVE COMMAND STARTED **********
[2017.04.12-11.12.43:705][333]UATHelper: Packaging (iOS): Project.Archive: ********** ARCHIVE COMMAND COMPLETED **********
[2017.04.12-11.12.43:811][344]UATHelper: Packaging (iOS): Automation.Execute: BUILD SUCCESSFUL
[2017.04.12-11.12.43:811][344]UATHelper: Packaging (iOS): Program.Main: AutomationTool exiting with ExitCode=0 (Success)
[2017.04.12-11.12.41:760][148]UATHelper: Packaging (iOS): Project.Package: ********** PACKAGE COMMAND COMPLETED **********
[2017.04.12-11.12.41:774][149]UATHelper: Packaging (iOS): Project.Archive: ********** ARCHIVE COMMAND STARTED **********
[2017.04.12-11.12.43:705][333]UATHelper: Packaging (iOS): Project.Archive: ********** ARCHIVE COMMAND COMPLETED **********
[2017.04.12-11.12.43:811][344]UATHelper: Packaging (iOS): Automation.Execute: BUILD SUCCESSFUL
[2017.04.12-11.12.43:811][344]UATHelper: Packaging (iOS): Program.Main: AutomationTool exiting with ExitCode=0 (Success)
[2017.04.12-11.12.41:760][148]UATHelper: Packaging (iOS): Project.Package: ********** PACKAGE COMMAND COMPLETED **********
[2017.04.12-11.12.41:774][149]UATHelper: Packaging (iOS): Project.Archive: ********** ARCHIVE COMMAND STARTED **********
[2017.04.12-11.12.43:705][333]UATHelper: Packaging (iOS): Project.Archive: ********** ARCHIVE COMMAND COMPLETED **********
[2017.04.12-11.12.43:811][344]UATHelper: Packaging (iOS): Automation.Execute: BUILD SUCCESSFUL
[2017.04.12-08.16.26:105][ 30]UATHelper: Packaging (iOS): UE4Editor-Cmd: [2017.04.12-08.16.26:064][  0]LogCook:Display: Forcing save package D:/SVN/LiS_Production/Dev/Proj/LiS/Content/Packages/Objects/EP1/OB_Posters/Textures/TX_Post_WallSmallSquare01_N.uasset because was already requeued once
[2017.04.12-08.16.26:106][ 30]UATHelper: Packaging (iOS): UE4Editor-Cmd: [2017.04.12-08.16.26:064][  0]LogCook:Display: Cooking /Game/Packages/Objects/EP1/OB_Posters/Textures/TX_Post_WallSmallSquare01_N -> D:/SVN/LiS_Production/Dev/Proj/LiS/Saved/Cooked/IOS/LiS/Content/Packages/Objects/EP1/OB_Posters/Textures/TX_Post_WallSmallSquare01_N.uasset
[2017.04.12-08.16.26:106][ 30]UATHelper: Packaging (iOS): UE4Editor-Cmd: [2017.04.12-08.16.26:065][  0]LogSavePackage:Display: Finished SavePackage D:/SVN/LiS_Production/Dev/Proj/LiS/Saved/Cooked/IOS/LiS/Content/Packages/Objects/EP1/OB_Posters/Textures/TX_Post_WallSmallSquare01_N.uasset
[2017.04.12-08.16.26:106][ 30]UATHelper: Packaging (iOS): UE4Editor-Cmd: [2017.04.12-08.16.26:084][  0]LogCook:Display: Cooking /Game/Packages/Objects/EP1/OB_Posters/Materials/MT_Post_WalSmallSquare04 -> D:/SVN/LiS_Production/Dev/Proj/LiS/Saved/Cooked/IOS/LiS/Content/Packages/Objects/EP1/OB_Posters/Materials/MT_Post_WalSmallSquare04.uasset
[2017.04.12-08.16.26:107][ 30]UATHelper: Packaging (iOS): UE4Editor-Cmd: [2017.04.12-08.16.26:098][  0]LogSavePackage:Display: Finished SavePackage D:/SVN/LiS_Production/Dev/Proj/LiS/Saved/Cooked/IOS/LiS/Content/Packages/Objects/EP1/OB_Posters/Materials/MT_Post_WalSmallSquare04.uasset
[2017.04.12-08.16.26:107][ 30]UATHelper: Packaging (iOS): UE4Editor-Cmd: [2017.04.12-08.16.26:099][  0]LogCook:Display: Forcing save
[2017.04.18-17.20.44:692][560]UATHelper: Packaging (iOS): BUILD FAILED