[2017.04.18-17.20.44:691][560]UATHelper: Packaging (iOS):    в AutomationTool.Program.MainProc(Object Param) в D:\SVN\LiS_Production\Dev\UnrealEngine-4.15.1\Engine\Source\Programs\AutomationTool\Program.cs:строка 135
[2017.04.18-17.20.44:691][560]UATHelper: Packaging (iOS):    в AutomationTool.InternalUtils.RunSingleInstance(Func`2 Main, Object Param) в D:\SVN\LiS_Production\Dev\UnrealEngine-4.15.1\Engine\Source\Programs\AutomationTool\AutomationUtils\Utils.cs:строка 704
[2017.04.18-17.20.44:691][560]UATHelper: Packaging (iOS):    в AutomationTool.Program.Main() в D:\SVN\LiS_Production\Dev\UnrealEngine-4.15.1\Engine\Source\Programs\AutomationTool\Program.cs:строка 59
[2017.04.18-17.20.44:691][560]UATHelper: Packaging (iOS): Program.Main: AutomationTool exiting with ExitCode=5 (5)
[2017.04.18-17.20.44:692][560]UATHelper: Packaging (iOS): BUILD FAILED
[2017.04.18-17.20.44:692][560]PackagingResults:Error: Error Unknown Error
[2017.04.18-17.20.44:691][560]UATHelper: Packaging (iOS):    в AutomationTool.Program.MainProc(Object Param) в D:\SVN\LiS_Production\Dev\UnrealEngine-4.15.1\Engine\Source\Programs\AutomationTool\Program.cs:строка 135
[2017.04.18-17.20.44:691][560]UATHelper: Packaging (iOS):    в AutomationTool.InternalUtils.RunSingleInstance(Func`2 Main, Object Param) в D:\SVN\LiS_Production\Dev\UnrealEngine-4.15.1\Engine\Source\Programs\AutomationTool\AutomationUtils\Utils.cs:строка 704
[2017.04.18-17.20.44:691][560]UATHelper: Packaging (iOS):    в AutomationTool.Program.Main() в D:\SVN\LiS_Production\Dev\UnrealEngine-4.15.1\Engine\Source\Programs\AutomationTool\Program.cs:строка 59
[2017.04.18-17.20.44:691][560]UATHelper: Packaging (iOS): Program.Main: AutomationTool exiting with ExitCode=5 (5)
[2017.04.18-17.20.44:692][560]UATHelper: Packaging (iOS): BUILD FAILED
[2017.04.18-17.20.44:692][560]PackagingResults:Error: Error Unknown Error
[2017.04.18-17.20.44:691][560]UATHelper: Packaging (iOS):    в AutomationTool.Program.MainProc(Object Param) в D:\SVN\LiS_Production\Dev\UnrealEngine-4.15.1\Engine\Source\Programs\AutomationTool\Program.cs:строка 135
[2017.04.18-17.20.44:691][560]UATHelper: Packaging (iOS):    в AutomationTool.InternalUtils.RunSingleInstance(Func`2 Main, Object Param) в D:\SVN\LiS_Production\Dev\UnrealEngine-4.15.1\Engine\Source\Programs\AutomationTool\AutomationUtils\Utils.cs:строка 704
[2017.04.18-17.20.44:691][560]UATHelper: Packaging (iOS):    в AutomationTool.Program.Main() в D:\SVN\LiS_Production\Dev\UnrealEngine-4.15.1\Engine\Source\Programs\AutomationTool\Program.cs:строка 59
[2017.04.18-17.20.44:691][560]UATHelper: Packaging (iOS): Program.Main: AutomationTool exiting with ExitCode=5 (5)
[2017.04.18-17.20.44:692][560]UATHelper: Packaging (iOS): BUILD FAILED
[2017.04.18-17.20.44:692][560]PackagingResults:Error: Error Unknown Error
[2017.04.12-11.12.41:760][148]UATHelper: Packaging (iOS): Project.Package: ********** PACKAGE COMMAND COMPLETED **********
[2017.04.12-11.12.41:774][149]UATHelper: Packaging (iOS): Project.Archive: ********** ARCHIVE COMMAND STARTED **********
[2017.04.12-11.12.43:705][333]UATHelper: Packaging (iOS): Project.Archive: ********** ARCHIVE COMMAND COMPLETED **********
[2017.04.12-11.12.43:811][344]UATHelper: Packaging (iOS): Automation.Execute: BUILD SUCCESSFUL
[2017.04.12-11.12.43:811][344]UATHelper: Packaging (iOS): Program.Main: AutomationTool exiting with ExitCode=0 (Success)
[2017.04.12-11.12.41:760][148]UATHelper: Packaging (iOS): Project.Package: ********** PACKAGE COMMAND COMPLETED **********
[2017.04.12-11.12.41:774][149]UATHelper: Packaging (iOS): Project.Archive: ********** ARCHIVE COMMAND STARTED **********
[2017.04.12-11.12.43:705][333]UATHelper: Packaging (iOS): Project.Archive: ********** ARCHIVE COMMAND COMPLETED **********
[2017.04.12-11.12.43:811][344]UATHelper: Packaging (iOS): Automation.Execute: BUILD SUCCESSFUL
Automation.Execute: BUILD SUCCESSFUL
[2017.04.18-17.20.44:692][560]UATHelper: Packaging (iOS): BUILD FAILED
